<?xml version="1.0" encoding="UTF-8"?>
<testng-results ignored="1" total="8" passed="7" failed="0" skipped="0">
  <reporter-output>
  </reporter-output>
  <suite started-at="2022-09-28T17:28:53 IST" name="Suite" finished-at="2022-09-28T17:28:53 IST" duration-ms="118">
    <groups>
      <group name="Smoke">
        <method signature="HomeLoanApplicationTests.APIHomeLoan()[pri:0, instance:loanapplications.HomeLoanApplicationTests@550ee7e5]" name="APIHomeLoan" class="loanapplications.HomeLoanApplicationTests"/>
      </group> <!-- Smoke -->
    </groups>
    <test started-at="2022-09-28T17:28:53 IST" name="Test" finished-at="2022-09-28T17:28:53 IST" duration-ms="118">
      <class name="loanapplications.CarLoanApplicationTests">
        <test-method signature="CarLoanLoginWeb()[pri:0, instance:loanapplications.CarLoanApplicationTests@346d61be]" started-at="2022-09-28T17:28:53 IST" name="CarLoanLoginWeb" finished-at="2022-09-28T17:28:53 IST" duration-ms="11" status="PASS">
          <reporter-output>
          </reporter-output>
        </test-method> <!-- CarLoanLoginWeb -->
        <test-method signature="CarLoanLoginAPI()[pri:0, instance:loanapplications.CarLoanApplicationTests@346d61be]" started-at="2022-09-28T17:28:53 IST" name="CarLoanLoginAPI" finished-at="2022-09-28T17:28:53 IST" depends-on-methods="loanapplications.CarLoanApplicationTests.CarLoanLoginWeb" duration-ms="2" status="PASS">
          <reporter-output>
          </reporter-output>
        </test-method> <!-- CarLoanLoginAPI -->
      </class> <!-- loanapplications.CarLoanApplicationTests -->
      <class name="loanapplications.HomeLoanApplicationTests">
        <test-method is-config="true" signature="startDatabase()[pri:0, instance:loanapplications.HomeLoanApplicationTests@550ee7e5]" started-at="2022-09-28T17:28:53 IST" name="startDatabase" finished-at="2022-09-28T17:28:53 IST" duration-ms="12" status="PASS">
          <reporter-output>
          </reporter-output>
        </test-method> <!-- startDatabase -->
        <test-method is-config="true" signature="setupTestData()[pri:0, instance:loanapplications.HomeLoanApplicationTests@550ee7e5]" started-at="2022-09-28T17:28:53 IST" name="setupTestData" finished-at="2022-09-28T17:28:53 IST" duration-ms="1" status="PASS">
          <reporter-output>
          </reporter-output>
        </test-method> <!-- setupTestData -->
        <test-method is-config="true" signature="dosomething()[pri:0, instance:loanapplications.HomeLoanApplicationTests@550ee7e5]" started-at="2022-09-28T17:28:53 IST" name="dosomething" finished-at="2022-09-28T17:28:53 IST" duration-ms="1" status="PASS">
          <reporter-output>
          </reporter-output>
        </test-method> <!-- dosomething -->
        <test-method signature="APIHomeLoan()[pri:0, instance:loanapplications.HomeLoanApplicationTests@550ee7e5]" started-at="2022-09-28T17:28:53 IST" name="APIHomeLoan" finished-at="2022-09-28T17:28:53 IST" duration-ms="3" status="PASS">
          <reporter-output>
          </reporter-output>
        </test-method> <!-- APIHomeLoan -->
        <test-method is-config="true" signature="dosomething()[pri:0, instance:loanapplications.HomeLoanApplicationTests@550ee7e5]" started-at="2022-09-28T17:28:53 IST" name="dosomething" finished-at="2022-09-28T17:28:53 IST" duration-ms="1" status="PASS">
          <reporter-output>
          </reporter-output>
        </test-method> <!-- dosomething -->
        <test-method signature="MobileHomeLoan()[pri:0, instance:loanapplications.HomeLoanApplicationTests@550ee7e5]" started-at="2022-09-28T17:28:53 IST" name="MobileHomeLoan" finished-at="2022-09-28T17:28:53 IST" duration-ms="2" status="PASS">
          <reporter-output>
          </reporter-output>
        </test-method> <!-- MobileHomeLoan -->
        <test-method is-config="true" signature="dosomething()[pri:0, instance:loanapplications.HomeLoanApplicationTests@550ee7e5]" started-at="2022-09-28T17:28:53 IST" name="dosomething" finished-at="2022-09-28T17:28:53 IST" duration-ms="1" status="PASS">
          <reporter-output>
          </reporter-output>
        </test-method> <!-- dosomething -->
        <test-method signature="WebHomeLoan()[pri:0, instance:loanapplications.HomeLoanApplicationTests@550ee7e5]" started-at="2022-09-28T17:28:53 IST" name="WebHomeLoan" finished-at="2022-09-28T17:28:53 IST" duration-ms="2" status="PASS">
          <reporter-output>
          </reporter-output>
        </test-method> <!-- WebHomeLoan -->
        <test-method is-config="true" signature="cleanupTestData()[pri:0, instance:loanapplications.HomeLoanApplicationTests@550ee7e5]" started-at="2022-09-28T17:28:53 IST" name="cleanupTestData" finished-at="2022-09-28T17:28:53 IST" duration-ms="1" status="PASS">
          <reporter-output>
          </reporter-output>
        </test-method> <!-- cleanupTestData -->
      </class> <!-- loanapplications.HomeLoanApplicationTests -->
      <class name="testpkg.sample2">
        <test-method signature="demo2()[pri:0, instance:testpkg.sample2@65f095f8]" started-at="2022-09-28T17:28:53 IST" name="demo2" finished-at="2022-09-28T17:28:53 IST" duration-ms="5" status="PASS">
          <reporter-output>
          </reporter-output>
        </test-method> <!-- demo2 -->
      </class> <!-- testpkg.sample2 -->
      <class name="testpkg.sample1">
        <test-method signature="demo()[pri:0, instance:testpkg.sample1@3315d2d7]" started-at="2022-09-28T17:28:53 IST" name="demo" finished-at="2022-09-28T17:28:53 IST" duration-ms="10" status="PASS">
          <reporter-output>
          </reporter-output>
        </test-method> <!-- demo -->
      </class> <!-- testpkg.sample1 -->
    </test> <!-- Test -->
  </suite> <!-- Suite -->
</testng-results>
